<?xml version="1.0" encoding="UTF-8"?>
<!-- Generated by org.testng.reporters.JUnitReportReporter -->
<testsuite hostname="CS004" name="testcases.TestLoginPage" tests="1" failures="0" timestamp="17 Jul 2017 07:49:23 GMT" time="28.575" errors="0">
  <testcase name="verifyLogin" time="28.575" classname="testcases.TestLoginPage"/>
</testsuite> <!-- testcases.TestLoginPage -->
