<?xml version="1.0" encoding="UTF-8"?>
<!-- Generated by org.testng.reporters.JUnitReportReporter -->
<testsuite hostname="CS004" name="testcases.TestLoginWithReport" tests="1" failures="0" timestamp="17 Jul 2017 08:15:26 GMT" time="45.912" errors="0">
  <testcase name="verifyLogin" time="45.912" classname="testcases.TestLoginWithReport"/>
</testsuite> <!-- testcases.TestLoginWithReport -->
